<?xml version="1.0" encoding="UTF-8"?>
<testng-results ignored="0" total="1" passed="1" failed="0" skipped="0">
  <reporter-output>
  </reporter-output>
  <suite started-at="2022-02-15T00:30:59 IST" name="Default suite" finished-at="2022-02-15T00:31:40 IST" duration-ms="41357">
    <groups>
    </groups>
    <test started-at="2022-02-15T00:30:59 IST" name="Default test" finished-at="2022-02-15T00:31:40 IST" duration-ms="41357">
      <class name="TestScripts.SnapChat">
        <test-method is-config="true" signature="openApp()[pri:0, instance:TestScripts.SnapChat@169e6180]" started-at="2022-02-15T00:30:59 IST" name="openApp" finished-at="2022-02-15T00:31:13 IST" duration-ms="14130" status="PASS">
          <reporter-output>
          </reporter-output>
        </test-method> <!-- openApp -->
        <test-method signature="demo()[pri:0, instance:TestScripts.SnapChat@169e6180]" started-at="2022-02-15T00:31:13 IST" name="demo" finished-at="2022-02-15T00:31:40 IST" duration-ms="27106" status="PASS">
          <reporter-output>
          </reporter-output>
        </test-method> <!-- demo -->
      </class> <!-- TestScripts.SnapChat -->
    </test> <!-- Default test -->
  </suite> <!-- Default suite -->
</testng-results>
