<?xml version="1.0" encoding="UTF-8"?>
<testng-results ignored="0" total="1" passed="1" failed="0" skipped="0">
  <reporter-output>
  </reporter-output>
  <suite started-at="2022-02-11T23:59:42 IST" name="Default suite" finished-at="2022-02-12T00:00:14 IST" duration-ms="31781">
    <groups>
    </groups>
    <test started-at="2022-02-11T23:59:42 IST" name="Default test" finished-at="2022-02-12T00:00:14 IST" duration-ms="31781">
      <class name="TestScripts.SnapChatSpotlight">
        <test-method is-config="true" signature="openApp()[pri:0, instance:TestScripts.SnapChatSpotlight@1da2cb77]" started-at="2022-02-11T23:59:42 IST" name="openApp" finished-at="2022-02-11T23:59:56 IST" duration-ms="13812" status="PASS">
          <reporter-output>
          </reporter-output>
        </test-method> <!-- openApp -->
        <test-method signature="demo()[pri:0, instance:TestScripts.SnapChatSpotlight@1da2cb77]" started-at="2022-02-11T23:59:56 IST" name="demo" finished-at="2022-02-12T00:00:14 IST" duration-ms="17948" status="PASS">
          <reporter-output>
          </reporter-output>
        </test-method> <!-- demo -->
      </class> <!-- TestScripts.SnapChatSpotlight -->
    </test> <!-- Default test -->
  </suite> <!-- Default suite -->
</testng-results>
